[www.housesunday.ca/index.html]
[backblue.gif]
[fade.gif]
[index.html]
[use.typekit.net/ik/0AZakcYuiZf_A2svPfTUzzxx]
[assets.squarespace.com/@sqs/polyfiller/1.6/legacy.js]
[assets.squarespace.com/universal/scripts-compressed/extract-css-runtime-6c32e32b6938e95defd7-min.en-US.js]
[assets.squarespace.com/universal/scripts-compressed/cldr-resource-pack-15305921bb94c505cd92-min.en-US.js]
[assets.squarespace.com/@sqs/polyfiller/1.6/modern.js]
[assets.squarespace.com/universal/scripts-compressed/common-vendors-stable-0f51b06fac4ba1f7c845-min.en-US.js]
[assets.squarespace.com/universal/scripts-compressed/performance-52d31862402d449695d0-min.en-US.js]
[assets.squarespace.com/universal/scripts-compressed/extract-css-moment-js-vendor-dfbb72c875564c27a00c-min.en-US.js]
[static1.squarespace.com/static/versioned-site-css/5faeead12624f40e727b2f4a/55/5c5a519771c10ba3470d8101/5faeead22624f40e727b2f64/1550/site.css]
[static1.squarespace.com/static/vta/5c5a519771c10ba3470d8101/versioned-assets/1722632295808-EC46FDD7XUWRGN7BOAK2/static.css]
[www.housesunday.ca/cart.html]
[assets.squarespace.com/universal/scripts-compressed/common-vendors-7fe376b784c3d1272675-min.en-US.js]
[www.housesunday.ca/newclient.html]
[www.housesunday.ca/express-treatments2023.html]
[www.housesunday.ca/customadvanced2023.html]
[www.housesunday.ca/advanced-treatments-procell.html]
[www.housesunday.ca/laser-hair-removal.html]
[www.housesunday.ca/photofacials-ipl.html]
[www.housesunday.ca/about.html]
[www.housesunday.ca/contact.html]
[www.housesunday.ca/houserules.html]
[www.housesunday.ca/currentpromotions.html]
[images.squarespace-cdn.com/content/v1/5faeead12624f40e727b2f4a/94e7a545-0a11-49dd-b7c3-a8ca02c7f2b9/IMG_9838.jpg]
[assets.squarespace.com/universal/scripts-compressed/common-0af7051cb221d11716b7-min.en-US.js]
[www.housesunday.ca/home.html]
[images.squarespace-cdn.com/content/v1/5faeead12624f40e727b2f4a/1698847638021-XV6P94JVZPHP3U63NRDH/image-asset.jpg]
[www.housesunday.ca/loyalty-points-program.html]
[www.housesunday.ca/_https_/www.instagram.com/reel/CzCu9-MRih_/embed/___/iframe__.1d.delayed]
[www.housesunday.ca/_https_/www.instagram.com/reel/Cy55rHtRQ30/embed/___/iframe__.1e.delayed]
[www.housesunday.ca/_https_/www.instagram.com/reel/Cy0v_5yx2_A/embed/___/iframe__.1f.delayed]
[www.housesunday.ca/_https_/www.instagram.com/reel/CyvmfK2xZf1/embed/___/iframe__.20.delayed]
[www.housesunday.ca/_https_/www.instagram.com/reel/Cyn4BaRRf4b/embed/___/iframe__.21.delayed]
[www.housesunday.ca/_https_/www.instagram.com/reel/CykA3kgR2jt/embed/___/iframe__.22.delayed]
[www.housesunday.ca/_https_/www.instagram.com/reel/CydleNExEJr/embed/___/iframe__.23.delayed]
[www.housesunday.ca/_https_/www.instagram.com/reel/CyV3GI6x4z0/embed/___/iframe__.24.delayed]
[www.housesunday.ca/_https_/www.instagram.com/reel/CyQtd17RcIK/embed/___/iframe__.25.delayed]
[www.housesunday.ca/_https_/www.instagram.com/reel/CyMfSVvxwWK/embed/___/iframe__.26.delayed]
[www.housesunday.ca/index.html]
[assets.squarespace.com/universal/images-v6/damask/error-dark.png]
[assets.squarespace.com/universal/images-v6/damask/error-dark@2x.png]
[assets.squarespace.com/universal/images-v6/damask/play-button.png]
[assets.squarespace.com/universal/images-v6/damask/play-button@2x.png]
[assets.squarespace.com/universal/images-v6/damask/edit-aviary-light.png]
[assets.squarespace.com/universal/images-v6/damask/edit-aviary-light@2x.png]
[assets.squarespace.com/universal/images-v6/damask/edit-info-light.png]
[assets.squarespace.com/universal/images-v6/damask/edit-info-light@2x.png]
[assets.squarespace.com/universal/images-v6/damask/trash-9-light.png]
[static1.squarespace.com/static/vta/5c5a519771c10ba3470d8101/scripts/site-bundle.9a3ef7a66ff173d82888c0103a031698.js]
[assets.squarespace.com/universal/images-v6/damask/trash-9-light@2x.png]
[assets.squarespace.com/universal/images-v6/damask/trash-9-red.png]
[assets.squarespace.com/universal/images-v6/damask/trash-9-red@2x.png]
[assets.squarespace.com/universal/images-v6/damask/getty-16-light.png]
[assets.squarespace.com/universal/images-v6/damask/getty-32-light.png]
[assets.squarespace.com/universal/images-v6/damask/shopping-cart-16-light.png]
[assets.squarespace.com/universal/images-v6/damask/shopping-cart-32-light.png]
[assets.squarespace.com/universal/images-v6/icons/block-indicator-dark.png]
[assets.squarespace.com/universal/images-v6/icons/block-indicator-dark@2x.png]
[assets.squarespace.com/universal/images-v6/icons/opentable-icons.png]
[assets.squarespace.com/universal/images-v6/icons/icon-searchqueries-20-dark.png]
[assets.squarespace.com/universal/images-v6/icons/icon-searchqueries-20-light.png]
[assets.squarespace.com/universal/images-v6/icons/icon-video-24-light-solid.png]
[assets.squarespace.com/universal/images-v6/standard/icon_close_7_light.png]
[assets.squarespace.com/universal/images-v6/icons/icon-settings-16-light.png]
[static1.squarespace.com/static/versioned-site-css/5faeead12624f40e727b2f4a/55/5c5a519771c10ba3470d8101/5faeead22624f40e727b2f64/1550/site.css]
[static1.squarespace.com/static/vta/5c5a519771c10ba3470d8101/versioned-assets/1722632295808-EC46FDD7XUWRGN7BOAK2/static.css]
[www.housesunday.ca/cart.html]
[images.squarespace-cdn.com/content/v1/5faeead12624f40e727b2f4a/0e59a6c1-f874-4b15-95f8-6d1e62a2156d/HouseSunday2022-384-Edit.jpg]
[www.housesunday.ca/newclient.html]
[www.housesunday.ca/advanced-treatments-express.html]
[www.housesunday.ca/guashaandflow.html]
[images.squarespace-cdn.com/content/v1/5faeead12624f40e727b2f4a/c31a27dd-2128-4a96-9f8d-e9a5680ece14/IMG_4459.jpg]
[www.housesunday.ca/express-treatments2023.html]
[www.housesunday.ca/advanced-treatments-bespoke-2022.4a.delayed]
[images.squarespace-cdn.com/content/v1/5faeead12624f40e727b2f4a/af918a3a-c427-429e-89bc-041707a77ccb/IMG_4568.jpg]
[www.housesunday.ca/customadvancedtreatment.html]
[www.housesunday.ca/advanced-treatments-dmkenzymetherapy.html]
[images.squarespace-cdn.com/content/v1/5faeead12624f40e727b2f4a/1612056536886-M5A8BYVHGI5K405JXIGK/Joandelacruz-175.jpg]
[www.housesunday.ca/advanced-treatments-dmkmusclebanding.html]
[images.squarespace-cdn.com/content/v1/5faeead12624f40e727b2f4a/1617167957689-CHOIXH4RAEIJDSY96TRS/dmk+muscle+banding+enzyme-therapy.jpg]
[www.housesunday.ca/customadvanced2023.html]
[images.squarespace-cdn.com/content/v1/5faeead12624f40e727b2f4a/73ebfdcd-85af-4fbc-bb3b-d364305d9c9b/IMG_4500.jpg]
[images.squarespace-cdn.com/content/v1/5faeead12624f40e727b2f4a/b35e4bed-09f9-4a32-9655-730851cf4f13/ProCellAcneScars_B_A_OneTreatment-002.jpg]
[images.squarespace-cdn.com/content/v1/5faeead12624f40e727b2f4a/e794f9dc-090c-47a6-8494-7f1ae2a175aa/ProCellSkinTightening_B_A.jpg]
[images.squarespace-cdn.com/content/v1/5faeead12624f40e727b2f4a/1617169981314-86ZOP8HMQ85DTSGW614E/pro-lifestyle-10.jpg]
[assets.squarespace.com/universal/scripts-compressed/commerce-checkout-99a16c504c2c60e76521-min.en-US.js]
[images.squarespace-cdn.com/content/v1/5faeead12624f40e727b2f4a/78d8df4a-12a6-4bad-9c7f-eed451c6f4bc/ProCellAntiAging_B_A-004.jpg]
[www.housesunday.ca/advanced-treatments-procell.html]
[www.housesunday.ca/laser-hair-removal-faq.html]
[images.squarespace-cdn.com/content/v1/5faeead12624f40e727b2f4a/c3e5802a-3173-46ea-b022-77cb482b7a96/A40W5844.jpg]
[www.housesunday.ca/laser-hair-removal-1.html]
[images.squarespace-cdn.com/content/v1/5faeead12624f40e727b2f4a/cf6f554a-7ff9-4401-9742-041ba5b4fa54/Laser+Picture+3.jpg]
[images.squarespace-cdn.com/content/v1/5faeead12624f40e727b2f4a/2ea69de0-9882-48c0-a8b8-e5123bfccef6/A40W6074.jpg]
[images.squarespace-cdn.com/content/v1/5faeead12624f40e727b2f4a/1612574081953-1AI4XWL9EIEVLTGLQO4U/Gradient+Full.png]
[www.housesunday.ca/laser-hair-removal.html]
[images.squarespace-cdn.com/content/v1/5faeead12624f40e727b2f4a/de8037d5-7735-45ad-a2fb-7e73930b2cc8/HouseSunday2022-486-Edit.jpg]
[images.squarespace-cdn.com/content/v1/5faeead12624f40e727b2f4a/22859794-cca4-4780-982f-d508abff2ca4/41+(1).png]
[images.squarespace-cdn.com/content/v1/5faeead12624f40e727b2f4a/4b55854f-d408-469c-821f-3abf51cac7e1/IPL+CHest.jpg]
[images.squarespace-cdn.com/content/v1/5faeead12624f40e727b2f4a/a1219a4d-63f2-4089-a911-ce6aa51f0905/48+(1).png]
[www.housesunday.ca/photofacials-ipl.html]
[images.squarespace-cdn.com/content/v1/5faeead12624f40e727b2f4a/997290c1-8ecf-4f19-8dc1-6169bd5f1c74/IMG_4568.jpg]
[images.squarespace-cdn.com/content/v1/5faeead12624f40e727b2f4a/8fad9cb9-4df5-44f8-a6dd-71967ae473e5/IMG_1107+Copy.jpg]
[images.squarespace-cdn.com/content/v1/5faeead12624f40e727b2f4a/1612586770221-H6KXAONF4RFXZ4U8PZ7X/Gradient+Full.png]
[www.housesunday.ca/about.html]
[images.squarespace-cdn.com/content/v1/5faeead12624f40e727b2f4a/a39a38f5-b615-436f-bd4d-205b887fc452/Joandelacruz-157.jpg]
[www.housesunday.ca/contact.html]
[images.squarespace-cdn.com/content/v1/5faeead12624f40e727b2f4a/1626230074649-AIFBWTGSW4RZHEJK0GU9/JoanJun21-156.jpg]
[www.housesunday.ca/houserules.html]
[www.housesunday.ca/currentpromotions.html]
[www.housesunday.ca/home.html]
[images.squarespace-cdn.com/content/v1/5faeead12624f40e727b2f4a/469cace1-6baf-4817-b3cf-b69a430172ee/Updated+August+2023+House+Sunday+Loyalty+Rewards+and+Referral+.png]
[www.housesunday.ca/loyalty-points-program.html]
[www.housesunday.ca/_https_/www.instagram.com/reel/CzCu9-MRih_/embed/___/iframe__.html]
[www.housesunday.ca/_https_/www.instagram.com/reel/Cy55rHtRQ30/embed/___/iframe__.html]
[www.housesunday.ca/_https_/www.instagram.com/reel/Cy0v_5yx2_A/embed/___/iframe__.html]
[www.housesunday.ca/_https_/www.instagram.com/reel/CyvmfK2xZf1/embed/___/iframe__.html]
[www.housesunday.ca/_https_/www.instagram.com/reel/Cyn4BaRRf4b/embed/___/iframe__.html]
[www.housesunday.ca/_https_/www.instagram.com/reel/CykA3kgR2jt/embed/___/iframe__.html]
[www.housesunday.ca/_https_/www.instagram.com/reel/CydleNExEJr/embed/___/iframe__.html]
[www.housesunday.ca/_https_/www.instagram.com/reel/CyV3GI6x4z0/embed/___/iframe__.html]
[www.housesunday.ca/_https_/www.instagram.com/reel/CyQtd17RcIK/embed/___/iframe__.html]
[www.housesunday.ca/_https_/www.instagram.com/reel/CyMfSVvxwWK/embed/___/iframe__.html]
[images.squarespace-cdn.com/content/v1/5faeead12624f40e727b2f4a/8bf1452d-eb5b-4dca-bbbc-ee10a1ace957/HouseSunday2022-585-Edit.jpg]
[www.housesunday.ca/advanced-treatments-express.html]
[images.squarespace-cdn.com/content/v1/5faeead12624f40e727b2f4a/1626227624156-VQPQLF8X3XS431CACY6X/RR+Facial.jpg]
[images.squarespace-cdn.com/content/v1/5faeead12624f40e727b2f4a/1626227653945-BD4O988BDWPOX8VQHZ8Q/facial.jpg]
[www.housesunday.ca/guashaandflow.html]
[www.housesunday.ca/advanced-treatments-bespoke-2022.html]
[images.squarespace-cdn.com/content/v1/5faeead12624f40e727b2f4a/b798928d-d416-4842-8198-72b2f1c53e66/HouseSunday2022-578.jpg]
[www.housesunday.ca/advanced-treatments-nanotherapy.html]
[images.squarespace-cdn.com/content/v1/5faeead12624f40e727b2f4a/0974d5be-2e67-49c4-bb52-bf5be73f336d/IMG_4440-2.jpg]
[www.housesunday.ca/customadvancedtreatment.html]
[www.housesunday.ca/advanced-treatments-liquid-microneedling.html]
[images.squarespace-cdn.com/content/v1/5faeead12624f40e727b2f4a/b3f640cb-158b-4a18-92bb-433af94dcfc7/DMK+Enzyme+Therapy.jpg]
[images.squarespace-cdn.com/content/v1/5faeead12624f40e727b2f4a/1612584969752-WEA95KL68O533YLZIZGC/Joandelacruz-183.jpg]
[images.squarespace-cdn.com/content/v1/5faeead12624f40e727b2f4a/8c849f4e-1cc1-4151-a314-2ea7531670c0/BA+-+Acne+Skin+Revision.jpg]
[www.housesunday.ca/advanced-treatments-dmkenzymetherapy.html]
[images.squarespace-cdn.com/content/v1/5faeead12624f40e727b2f4a/92108166-a10a-4f18-815b-ec9e889a2a03/BA+-+Age+Management.jpg]
[www.housesunday.ca/advanced-treatments-dmkmusclebanding.html]
[images.squarespace-cdn.com/content/v1/5faeead12624f40e727b2f4a/1641590203972-V8BDV97AEQIMQWKU160Y/Alpha_Full+Color_Logo_Large.png]
[www.housesunday.ca/laser-hair-removal-faq.html]
[images.squarespace-cdn.com/content/v1/5faeead12624f40e727b2f4a/73cf2612-584d-4b66-b895-835da9b41c42/Laser+Price+List+Updated+September+29+2023.png]
[www.housesunday.ca/laser-hair-removal-1.html]
[images.squarespace-cdn.com/content/v1/5faeead12624f40e727b2f4a/65d3e474-fe42-4325-bd50-ca37538432ab/micronneedling.jpg]
[www.housesunday.ca/advanced-treatments-nanotherapy.html]
[images.squarespace-cdn.com/content/v1/5faeead12624f40e727b2f4a/eb905867-3c76-44d2-a2aa-babd8fd86cfc/Liquid+Microneedling+2.jpg]
[www.housesunday.ca/advanced-treatments-liquid-microneedling.html]
